<?xml version="1.0" encoding="UTF-8"?>
<!-- Generated by org.testng.reporters.JUnitReportReporter -->
<testsuite hostname="KarthikPC" failures="0" tests="1" name="testCases.TC_002_LoginTest" time="3.472" errors="0" timestamp="2023-02-21T11:09:12 IST" skipped="0">
  <testcase classname="testCases.TC_002_LoginTest" name="test_Login" time="3.472"/>
  <system-out/>
</testsuite> <!-- testCases.TC_002_LoginTest -->
