<?xml version="1.0" encoding="UTF-8"?>
<!-- Generated by org.testng.reporters.JUnitReportReporter -->
<testsuite hostname="KarthikPC" failures="0" tests="1" name="testCases.TC_001AccountRegistrationTest" time="5.961" errors="0" timestamp="2023-02-21T15:45:50 IST" skipped="0">
  <testcase classname="testCases.TC_001AccountRegistrationTest" name="test_account_Registration" time="5.961"/>
  <system-out/>
</testsuite> <!-- testCases.TC_001AccountRegistrationTest -->
